<?xml version="1.0" encoding="UTF-8"?>
<testng-results ignored="0" total="4" passed="4" failed="0" skipped="0">
  <reporter-output>
  </reporter-output>
  <suite started-at="2023-10-01T19:31:37 IST" name="Default suite" finished-at="2023-10-01T19:31:56 IST" duration-ms="19027">
    <groups>
    </groups>
    <test started-at="2023-10-01T19:31:37 IST" name="Default test" finished-at="2023-10-01T19:31:56 IST" duration-ms="19027">
      <class name="DataDrivenTesting.DataDriven">
        <test-method is-config="true" signature="setup()[pri:0, instance:DataDrivenTesting.DataDriven@28f2a10f]" started-at="2023-10-01T19:31:37 IST" name="setup" finished-at="2023-10-01T19:31:40 IST" duration-ms="2740" status="PASS">
          <reporter-output>
          </reporter-output>
        </test-method> <!-- setup -->
        <test-method signature="loginTest(java.lang.String,java.lang.String,java.lang.String)[pri:0, instance:DataDrivenTesting.DataDriven@28f2a10f]" started-at="2023-10-01T19:31:42 IST" name="loginTest" data-provider="LoginData" finished-at="2023-10-01T19:31:51 IST" duration-ms="9671" status="PASS">
          <params>
            <param index="0">
              <value>
                <![CDATA[admin@yourstore.com]]>
              </value>
            </param>
            <param index="1">
              <value>
                <![CDATA[admin]]>
              </value>
            </param>
            <param index="2">
              <value>
                <![CDATA[Valid]]>
              </value>
            </param>
          </params>
          <reporter-output>
          </reporter-output>
        </test-method> <!-- loginTest -->
        <test-method signature="loginTest(java.lang.String,java.lang.String,java.lang.String)[pri:0, instance:DataDrivenTesting.DataDriven@28f2a10f]" started-at="2023-10-01T19:31:51 IST" name="loginTest" data-provider="LoginData" finished-at="2023-10-01T19:31:53 IST" duration-ms="1237" status="PASS">
          <params>
            <param index="0">
              <value>
                <![CDATA[admin@yourstore.com]]>
              </value>
            </param>
            <param index="1">
              <value>
                <![CDATA[adminas]]>
              </value>
            </param>
            <param index="2">
              <value>
                <![CDATA[Invalid]]>
              </value>
            </param>
          </params>
          <reporter-output>
          </reporter-output>
        </test-method> <!-- loginTest -->
        <test-method signature="loginTest(java.lang.String,java.lang.String,java.lang.String)[pri:0, instance:DataDrivenTesting.DataDriven@28f2a10f]" started-at="2023-10-01T19:31:53 IST" name="loginTest" data-provider="LoginData" finished-at="2023-10-01T19:31:55 IST" duration-ms="2050" status="PASS">
          <params>
            <param index="0">
              <value>
                <![CDATA[adm@yourstore.com]]>
              </value>
            </param>
            <param index="1">
              <value>
                <![CDATA[admin]]>
              </value>
            </param>
            <param index="2">
              <value>
                <![CDATA[Invalid]]>
              </value>
            </param>
          </params>
          <reporter-output>
          </reporter-output>
        </test-method> <!-- loginTest -->
        <test-method signature="loginTest(java.lang.String,java.lang.String,java.lang.String)[pri:0, instance:DataDrivenTesting.DataDriven@28f2a10f]" started-at="2023-10-01T19:31:55 IST" name="loginTest" data-provider="LoginData" finished-at="2023-10-01T19:31:56 IST" duration-ms="1337" status="PASS">
          <params>
            <param index="0">
              <value>
                <![CDATA[adm@yourstore.com]]>
              </value>
            </param>
            <param index="1">
              <value>
                <![CDATA[adm]]>
              </value>
            </param>
            <param index="2">
              <value>
                <![CDATA[Invalid]]>
              </value>
            </param>
          </params>
          <reporter-output>
          </reporter-output>
        </test-method> <!-- loginTest -->
        <test-method is-config="true" signature="tearDown()[pri:0, instance:DataDrivenTesting.DataDriven@28f2a10f]" started-at="2023-10-01T19:31:56 IST" name="tearDown" finished-at="2023-10-01T19:31:56 IST" duration-ms="280" status="PASS">
          <reporter-output>
          </reporter-output>
        </test-method> <!-- tearDown -->
      </class> <!-- DataDrivenTesting.DataDriven -->
    </test> <!-- Default test -->
  </suite> <!-- Default suite -->
</testng-results>
