<?xml version="1.0" encoding="UTF-8"?>
<!-- Generated by org.testng.reporters.JUnitXMLReporter -->
<testsuite ignored="0" hostname="LAPTOP-CQAE32CK" failures="0" tests="4" name="Default test" time="19.027" errors="0" timestamp="2023-10-01T19:31:56 IST">
  <testcase classname="DataDrivenTesting.DataDriven" name="loginTest" time="9.671"/>
  <testcase classname="DataDrivenTesting.DataDriven" name="loginTest" time="1.237"/>
  <testcase classname="DataDrivenTesting.DataDriven" name="loginTest" time="2.05"/>
  <testcase classname="DataDrivenTesting.DataDriven" name="loginTest" time="1.337"/>
</testsuite> <!-- Default test -->
